<?xml version="1.0" encoding="UTF-8"?>
<!-- Generated by org.testng.reporters.JUnitReportReporter -->
<testsuite hostname="DESKTOP-JKPPEN4" name="Pack1.NewTest" tests="1" failures="0" timestamp="6 Aug 2020 15:29:30 GMT" time="0.012" errors="0">
  <testcase name="f" time="0.012" classname="Pack1.NewTest"/>
</testsuite> <!-- Pack1.NewTest -->
